<?xml version="1.0" encoding="UTF-8"?>
<!-- Generated by org.testng.reporters.JUnitReportReporter -->
<testsuite skipped="0" hostname="Bolanle" name="AgentCandidates" tests="1" failures="0" timestamp="01 Jul 2019 11:45:39 GMT" time="94.624" errors="0">
  <testcase name="test2" time="94.624" classname="AgentCandidates"/>
</testsuite> <!-- AgentCandidates -->
