<?xml version="1.0" encoding="UTF-8"?>
<!-- Generated by org.testng.reporters.JUnitReportReporter -->
<testsuite skipped="0" hostname="Bolanle" name="traderMoni.adminLogin" tests="1" failures="0" timestamp="24 Jun 2019 10:14:25 GMT" time="47.982" errors="0">
  <testcase name="loginButton" time="47.982" classname="traderMoni.adminLogin"/>
</testsuite> <!-- traderMoni.adminLogin -->
