<?xml version="1.0" encoding="UTF-8"?>
<!-- Generated by org.testng.reporters.JUnitReportReporter -->
<testsuite skipped="0" hostname="Bolanle" name="AgentCandidate" tests="1" failures="0" timestamp="01 Jul 2019 11:38:11 GMT" time="64.777" errors="0">
  <testcase name="test1" time="64.777" classname="AgentCandidate"/>
</testsuite> <!-- AgentCandidate -->
