<?xml version="1.0" encoding="UTF-8"?>
<!-- Generated by org.testng.reporters.JUnitReportReporter -->
<testsuite skipped="0" hostname="Bolanle" name="AllCandidates" tests="1" failures="0" timestamp="15 Jul 2019 11:31:43 GMT" time="70.160" errors="0">
  <testcase name="test6" time="70.160" classname="AllCandidates"/>
</testsuite> <!-- AllCandidates -->
