<?xml version="1.0" encoding="UTF-8"?>
<!-- Generated by org.testng.reporters.JUnitReportReporter -->
<testsuite skipped="0" hostname="Bolanle" name="TEST1" tests="1" failures="0" timestamp="27 Jun 2019 13:28:03 GMT" time="143.562" errors="0">
  <testcase name="test1" time="143.562" classname="TEST1"/>
</testsuite> <!-- TEST1 -->
