<?xml version="1.0" encoding="UTF-8"?>
<!-- Generated by org.testng.reporters.JUnitReportReporter -->
<testsuite skipped="0" hostname="Bolanle" name="TEST2" tests="1" failures="0" timestamp="27 Jun 2019 13:50:35 GMT" time="95.888" errors="0">
  <testcase name="test2" time="95.888" classname="TEST2"/>
</testsuite> <!-- TEST2 -->
